0 info it worked if it ends with ok
1 verbose cli [ '/usr/bin/nodejs',
1 verbose cli   '/usr/bin/npm',
1 verbose cli   'install',
1 verbose cli   'django-bootstrap-material' ]
2 info using npm@1.3.10
3 info using node@v0.10.25
4 verbose cache add [ 'django-bootstrap-material', null ]
5 verbose cache add name=undefined spec="django-bootstrap-material" args=["django-bootstrap-material",null]
6 verbose parsed url { protocol: null,
6 verbose parsed url   slashes: null,
6 verbose parsed url   auth: null,
6 verbose parsed url   host: null,
6 verbose parsed url   port: null,
6 verbose parsed url   hostname: null,
6 verbose parsed url   hash: null,
6 verbose parsed url   search: null,
6 verbose parsed url   query: null,
6 verbose parsed url   pathname: 'django-bootstrap-material',
6 verbose parsed url   path: 'django-bootstrap-material',
6 verbose parsed url   href: 'django-bootstrap-material' }
7 silly lockFile 3fb98f0e-django-bootstrap-material django-bootstrap-material
8 verbose lock django-bootstrap-material /root/.npm/3fb98f0e-django-bootstrap-material.lock
9 silly lockFile 3fb98f0e-django-bootstrap-material django-bootstrap-material
10 silly lockFile 3fb98f0e-django-bootstrap-material django-bootstrap-material
11 verbose addNamed [ 'django-bootstrap-material', '' ]
12 verbose addNamed [ null, '*' ]
13 silly lockFile 994d1632-django-bootstrap-material django-bootstrap-material@
14 verbose lock django-bootstrap-material@ /root/.npm/994d1632-django-bootstrap-material.lock
15 silly addNameRange { name: 'django-bootstrap-material', range: '*', hasData: false }
16 verbose url raw django-bootstrap-material
17 verbose url resolving [ 'https://registry.npmjs.org/', './django-bootstrap-material' ]
18 verbose url resolved https://registry.npmjs.org/django-bootstrap-material
19 info trying registry request attempt 1 at 13:17:43
20 http GET https://registry.npmjs.org/django-bootstrap-material
21 info retry will retry, error on last attempt: Error: getaddrinfo ENOTFOUND
22 info trying registry request attempt 2 at 13:17:53
23 http GET https://registry.npmjs.org/django-bootstrap-material
24 http 404 https://registry.npmjs.org/django-bootstrap-material
25 silly registry.get cb [ 404,
25 silly registry.get   { 'content-type': 'application/json',
25 silly registry.get     'cache-control': 'max-age=0',
25 silly registry.get     'content-length': '2',
25 silly registry.get     'accept-ranges': 'bytes',
25 silly registry.get     date: 'Mon, 29 Feb 2016 20:17:51 GMT',
25 silly registry.get     via: '1.1 varnish',
25 silly registry.get     age: '0',
25 silly registry.get     connection: 'keep-alive',
25 silly registry.get     'x-served-by': 'cache-ord1720-ORD',
25 silly registry.get     'x-cache': 'MISS',
25 silly registry.get     'x-cache-hits': '0',
25 silly registry.get     'x-timer': 'S1456777071.484652,VS0,VE158' } ]
26 silly addNameRange number 2 { name: 'django-bootstrap-material', range: '*', hasData: true }
27 silly addNameRange versions [ undefined, [] ]
28 error TypeError: Cannot read property 'latest' of undefined
28 error     at next (/usr/share/npm/lib/cache.js:687:35)
28 error     at /usr/share/npm/lib/cache.js:675:5
28 error     at saved (/usr/share/npm/node_modules/npm-registry-client/lib/get.js:142:7)
28 error     at /usr/lib/nodejs/graceful-fs/polyfills.js:133:7
28 error     at Object.oncomplete (fs.js:107:15)
29 error If you need help, you may report this log at:
29 error     <http://github.com/isaacs/npm/issues>
29 error or email it to:
29 error     <npm-@googlegroups.com>
30 error System Linux 3.16.0-30-generic
31 error command "/usr/bin/nodejs" "/usr/bin/npm" "install" "django-bootstrap-material"
32 error cwd /home/chris/git/csi_sitio
33 error node -v v0.10.25
34 error npm -v 1.3.10
35 error type non_object_property_load
36 verbose exit [ 1, true ]
